


ARM Macro Assembler    Page 1 


    1 00000000                 AREA             ARMex, CODE, READONLY
    2 00000000                 ENTRY
    3 00000000         start
    4 00000000         ;using loop
    5 00000000 E59F0040        LDR              r0, Address1 ;load address1 int
                                                            o r0
    6 00000004 E3A01001        MOV              r1, #1      ;r1=1
    7 00000008 E1A02081        MOV              r2, r1, LSL #1 ;r2=2
    8 0000000C E1A02082        MOV              r2, r2, LSL #1 ;r2=4
    9 00000010 E2822001        ADD              r2, r2, #1  ;r2=5
   10 00000014 E0812082        ADD              r2, r1, r2, LSL #1 ;r2=11
   11 00000018         
   12 00000018 E2823001        ADD              r3, r2, #1  ;r3=12
   13 0000001C E2833001        ADD              r3, r3, #1  ;r3=13
   14 00000020 E2833001        ADD              r3, r3, #1  ;r3=14
   15 00000024 E1A03083        MOV              r3, r3, LSL #1 ;r3=28
   16 00000028 E2833001        ADD              r3, r3, #1  ;r3=29
   17 0000002C         
   18 0000002C         loop
   19 0000002C E0844002        ADD              r4, r4, r2  ;r4=r4+r2
   20 00000030 E1520003        CMP              r2, r3      ;r2-r3
   21 00000034 0A000001        BEQ              endline     ;if r2==r3, go to e
                                                            ndline
   22 00000038 E0822081        ADD              r2, r2, r1, LSL #1 ;r2=r2+r1*2
   23 0000003C 1AFFFFFA        BNE              loop        ;if r2!=r3, go to l
                                                            oop
   24 00000040         
   25 00000040         endline
   26 00000040 E5804000        STR              r4, [r0]    ;store sum into r0
   27 00000044 E1A0F00E        MOV              pc, lr      ;go to first instru
                                                            ction
   28 00000048         
   29 00000048 00004000 
                       Address1
                               &                &4000       ;memory address
   30 0000004C                 END                          ;Mark end of file
Command Line: --debug --xref --diag_suppress=9931 --cpu=ARM9E --apcs=interwork 
--depend=.\objects\problem3-3-1.d -o.\objects\problem3-3-1.o -IC:\Keil_v5\ARM\R
V31\INC -IC:\Keil_v5\ARM\CMSIS\Include --predefine="__EVAL SETA 1" --predefine=
"__UVISION_VERSION SETA 529" --list=.\listings\problem3-3-1.lst problem3-3-1.s



ARM Macro Assembler    Page 1 Alphabetic symbol ordering
Relocatable symbols

ARMex 00000000

Symbol: ARMex
   Definitions
      At line 1 in file problem3-3-1.s
   Uses
      None
Comment: ARMex unused
Address1 00000048

Symbol: Address1
   Definitions
      At line 29 in file problem3-3-1.s
   Uses
      At line 5 in file problem3-3-1.s
Comment: Address1 used once
endline 00000040

Symbol: endline
   Definitions
      At line 25 in file problem3-3-1.s
   Uses
      At line 21 in file problem3-3-1.s
Comment: endline used once
loop 0000002C

Symbol: loop
   Definitions
      At line 18 in file problem3-3-1.s
   Uses
      At line 23 in file problem3-3-1.s
Comment: loop used once
start 00000000

Symbol: start
   Definitions
      At line 3 in file problem3-3-1.s
   Uses
      None
Comment: start unused
5 symbols
337 symbols in table
