


ARM Macro Assembler    Page 1 


    1 00000000                 AREA             ARMex, CODE, READONLY
    2 00000000                 ENTRY
    3 00000000         start
    4 00000000 E59F003C        LDR              r0, Address1 ;load address1 int
                                                            o register r0
    5 00000004 E59F1054        LDR              r1, = Arr1  ;load arr1 address 
                                                            into r1
    6 00000008 E59F2054        LDR              r2, = Arr2  ;load arr2 address 
                                                            into r2
    7 0000000C E3A0300A        MOV              r3, #10     ;same word
    8 00000010 E3A0400B        MOV              r4, #11     ;different word
    9 00000014         
   10 00000014         Loop
   11 00000014 E4D15001        LDRB             r5, [r1], #1
   12 00000018 E4D26001        LDRB             r6, [r2], #1
   13 0000001C E1550006        CMP              r5, r6
   14 00000020 1A000000        BNE              different   ;if r1 != r2 go to 
                                                            different
   15 00000024 0A000001        BEQ              equal       ;ir r1 == r2 go to 
                                                            equal
   16 00000028         
   17 00000028         different
   18 00000028 E5804000        STR              r4, [r0]    ;store 11
   19 0000002C EA000003        B                Endline     ;end loop
   20 00000030         
   21 00000030         equal
   22 00000030 E3550000        CMP              r5, #0      ;check end of word
   23 00000034 0A000001        BEQ              Endline     ;end loop
   24 00000038 E5803000        STR              r3, [r0]    ;store 10
   25 0000003C EAFFFFF4        B                Loop        ;loop
   26 00000040         
   27 00000040         Endline
   28 00000040 E1A0F00E        MOV              pc, lr      ;go to first instru
                                                            ction
   29 00000044         
   30 00000044 00004000 
                       Address1
                               &                &4000
   31 00000048 48 65 6C 
              6C 6F 5F 
              77 6F 6C 
              72 64 00 Arr1    DCB              "Hello_wolrd",0 
                                                            ;store into Arr1
   32 00000054 48 65 6C 
              6C 6F 5F 
              77 6F 6C 
              72 64 00 Arr2    DCB              "Hello_wolrd",0 
                                                            ;sotre into Arr2
   33 00000060         ;case 1 Hello_wolrd, Hello_wolrd
   34 00000060         ;case 2 Hello_wolrd, Hello_earth
   35 00000060         ;case 3 Hello_wolrd, aaaaa_bbbbb
   36 00000060         
   37 00000060                 END                          ;Mark end of file
              00000000 
              00000000 
Command Line: --debug --xref --diag_suppress=9931 --cpu=ARM9E --apcs=interwork 
--depend=.\objects\problem3-1.d -o.\objects\problem3-1.o -IC:\Keil_v5\ARM\RV31\
INC -IC:\Keil_v5\ARM\CMSIS\Include --predefine="__EVAL SETA 1" --predefine="__U
VISION_VERSION SETA 529" --list=.\listings\problem3-1.lst problem3-1.s



ARM Macro Assembler    Page 1 Alphabetic symbol ordering
Relocatable symbols

ARMex 00000000

Symbol: ARMex
   Definitions
      At line 1 in file problem3-1.s
   Uses
      None
Comment: ARMex unused
Address1 00000044

Symbol: Address1
   Definitions
      At line 30 in file problem3-1.s
   Uses
      At line 4 in file problem3-1.s
Comment: Address1 used once
Arr1 00000048

Symbol: Arr1
   Definitions
      At line 31 in file problem3-1.s
   Uses
      At line 5 in file problem3-1.s
Comment: Arr1 used once
Arr2 00000054

Symbol: Arr2
   Definitions
      At line 32 in file problem3-1.s
   Uses
      At line 6 in file problem3-1.s
Comment: Arr2 used once
Endline 00000040

Symbol: Endline
   Definitions
      At line 27 in file problem3-1.s
   Uses
      At line 19 in file problem3-1.s
      At line 23 in file problem3-1.s

Loop 00000014

Symbol: Loop
   Definitions
      At line 10 in file problem3-1.s
   Uses
      At line 25 in file problem3-1.s
Comment: Loop used once
different 00000028

Symbol: different
   Definitions
      At line 17 in file problem3-1.s
   Uses
      At line 14 in file problem3-1.s
Comment: different used once
equal 00000030




ARM Macro Assembler    Page 2 Alphabetic symbol ordering
Relocatable symbols

Symbol: equal
   Definitions
      At line 21 in file problem3-1.s
   Uses
      At line 15 in file problem3-1.s
Comment: equal used once
start 00000000

Symbol: start
   Definitions
      At line 3 in file problem3-1.s
   Uses
      None
Comment: start unused
9 symbols
343 symbols in table
