


ARM Macro Assembler    Page 1 


    1 00000000                 AREA             ARMex, CODE, READONLY
    2 00000000                 ENTRY
    3 00000000         start
    4 00000000 E59F00EC        LDR              r0, Address1 ;load Address1 int
                                                            o register r0
    5 00000004 E59F10DC        LDR              r1, value1  ;load floating poin
                                                            t value1
    6 00000008 E59F20DC        LDR              r2, value2  ;load floating poin
                                                            t value2
    7 0000000C E59FC0DC        LDR              r12, mantissa
    8 00000010         
    9 00000010         ;store value1 of sign bit, exponent, mantissa
   10 00000010 E1A03FA1        MOV              r3, r1, LSR #31
   11 00000014 E1A04BA1        MOV              r4, r1, LSR #23
   12 00000018 E1A04C04        MOV              r4, r4, LSL #24
   13 0000001C E1A040A4        MOV              r4, r4, LSR #1
   14 00000020 E1A05481        MOV              r5, r1, LSL #9
   15 00000024 E1A050A5        MOV              r5, r5, LSR #1
   16 00000028 E2855102        ADD              r5, r5, #0x80000000 
                                                            ;add 1 to mantissa
   17 0000002C         
   18 0000002C         ;store value2 of sign bit, exponenet, mantissa
   19 0000002C E1A07FA2        MOV              r7, r2, LSR #31
   20 00000030 E1A08BA2        MOV              r8, r2, LSR #23
   21 00000034 E1A08C08        MOV              r8, r8, LSL #24
   22 00000038 E1A080A8        MOV              r8, r8, LSR #1
   23 0000003C E1A09482        MOV              r9, r2, LSL #9
   24 00000040 E1A090A9        MOV              r9, r9, LSR #1
   25 00000044 E2899102        ADD              r9, r9, #0x80000000 
                                                            ;add 1 to mantissa
   26 00000048         
   27 00000048 E1540008        CMP              r4, r8      ;compare exponent
   28 0000004C C044A008        SUBGT            r10, r4, r8
   29 00000050 B048A004        SUBLT            r10, r8, r4
   30 00000054 E1A0ABAA        MOV              r10, r10, LSR #23
   31 00000058 B1A05A35        MOVLT            r5, r5, LSR r10
   32 0000005C C1A09A39        MOVGT            r9, r9, LSR r10
   33 00000060         
   34 00000060 B1A04008        MOVLT            r4, r8
   35 00000064         
   36 00000064 E1530007        CMP              r3, r7
   37 00000068 0A000000        BEQ              equal
   38 0000006C 1A000005        BNE              notequal
   39 00000070         
   40 00000070         equal                                ;sign same
   41 00000070 E095B009        ADDS             r11, r5, r9
   42 00000074 2084400C        ADDCS            r4, r4, r12 ;add 1
   43 00000078 21A0B0AB        MOVCS            r11, r11, LSR #1
   44 0000007C E1A0B08B        MOV              r11, r11, LSL #1
   45 00000080 E1A0B4AB        MOV              r11, r11, LSR #9 ;bit clear
   46 00000084 EA000010        B                finish
   47 00000088         
   48 00000088         notequal                             ;sign differnt
   49 00000088 E1A054A5        MOV              r5, r5, LSR #9
   50 0000008C E1A094A9        MOV              r9, r9, LSR #9
   51 00000090 E1550009        CMP              r5, r9
   52 00000094 0A000011        BEQ              endline     ;r5=r9
   53 00000098         
   54 00000098 C045B009        SUBGT            r11, r5, r9



ARM Macro Assembler    Page 2 


   55 0000009C B049B005        SUBLT            r11, r9, r5
   56 000000A0 B1A03007        MOVLT            r3, r7
   57 000000A4 E35B0401        CMP              r11, #0x1000000
   58 000000A8 2084400C        ADDCS            r4, r4, r12 ;add 1
   59 000000AC 21A0B0AB        MOVCS            r11, r11, LSR #1
   60 000000B0 2A000005        BCS              finish
   61 000000B4 EAFFFFFF        B                normalize
   62 000000B8         
   63 000000B8         normalize                            ;normalize mantisa
   64 000000B8 E15B008C        CMP              r11, r12, LSL #1
   65 000000BC 91A0B08B        MOVLS            r11, r11, LSL #1 ;
   66 000000C0 9044400C        SUBLS            r4, r4, r12
   67 000000C4 3AFFFFFB        BLO              normalize
   68 000000C8 2AFFFFFF        BHS              finish
   69 000000CC         
   70 000000CC         finish
   71 000000CC E1A03F83        MOV              r3, r3, LSL #31
   72 000000D0 E08BB003        ADD              r11, r11, r3 ;add sign bit
   73 000000D4 E08BB004        ADD              r11, r11, r4 ;add exponent
   74 000000D8 E580B000        STR              r11, [r0]   ;store into r0
   75 000000DC E1A0F00E        MOV              pc, lr      ;mark end of file
   76 000000E0         
   77 000000E0         endline
   78 000000E0 E580B000        STR              r11,[r0]    ;store value into r
                                                            0
   79 000000E4 E1A0F00E        MOV              pc, lr      ;mark end of file
   80 000000E8         
   81 000000E8         ;case 1 same sign bit & different value
   82 000000E8         ;value1 & 0x3FC00000 ;1.5
   83 000000E8         ;value2 & 0x40500000 ;3.25
   84 000000E8         
   85 000000E8         ;case 2 same sign bit & same value
   86 000000E8         ;value1 & 0x42680000 ;58
   87 000000E8         ;value2 & 0x42680000 ;58
   88 000000E8         
   89 000000E8         ;case 3 different sign bit
   90 000000E8 42680000 
                       value1  &                0x42680000  ;58
   91 000000EC C2680000 
                       value2  &                0xC2680000  ;-58
   92 000000F0         
   93 000000F0 00800000 
                       mantissa
                               &                0x00800000
   94 000000F4 00040000 
                       Address1
                               &                0x00040000
   95 000000F8                 END
Command Line: --debug --xref --diag_suppress=9931 --cpu=ARM9E --apcs=interwork 
--depend=.\objects\problem6-1.d -o.\objects\problem6-1.o -IC:\Keil_v5\ARM\RV31\
INC -IC:\Keil_v5\ARM\CMSIS\Include --predefine="__EVAL SETA 1" --predefine="__U
VISION_VERSION SETA 529" --list=.\listings\problem6-1.lst problem6-1.s



ARM Macro Assembler    Page 1 Alphabetic symbol ordering
Relocatable symbols

ARMex 00000000

Symbol: ARMex
   Definitions
      At line 1 in file problem6-1.s
   Uses
      None
Comment: ARMex unused
Address1 000000F4

Symbol: Address1
   Definitions
      At line 94 in file problem6-1.s
   Uses
      At line 4 in file problem6-1.s
Comment: Address1 used once
endline 000000E0

Symbol: endline
   Definitions
      At line 77 in file problem6-1.s
   Uses
      At line 52 in file problem6-1.s
Comment: endline used once
equal 00000070

Symbol: equal
   Definitions
      At line 40 in file problem6-1.s
   Uses
      At line 37 in file problem6-1.s
Comment: equal used once
finish 000000CC

Symbol: finish
   Definitions
      At line 70 in file problem6-1.s
   Uses
      At line 46 in file problem6-1.s
      At line 60 in file problem6-1.s
      At line 68 in file problem6-1.s

mantissa 000000F0

Symbol: mantissa
   Definitions
      At line 93 in file problem6-1.s
   Uses
      At line 7 in file problem6-1.s
Comment: mantissa used once
normalize 000000B8

Symbol: normalize
   Definitions
      At line 63 in file problem6-1.s
   Uses
      At line 61 in file problem6-1.s
      At line 67 in file problem6-1.s




ARM Macro Assembler    Page 2 Alphabetic symbol ordering
Relocatable symbols

notequal 00000088

Symbol: notequal
   Definitions
      At line 48 in file problem6-1.s
   Uses
      At line 38 in file problem6-1.s
Comment: notequal used once
start 00000000

Symbol: start
   Definitions
      At line 3 in file problem6-1.s
   Uses
      None
Comment: start unused
value1 000000E8

Symbol: value1
   Definitions
      At line 90 in file problem6-1.s
   Uses
      At line 5 in file problem6-1.s
Comment: value1 used once
value2 000000EC

Symbol: value2
   Definitions
      At line 91 in file problem6-1.s
   Uses
      At line 6 in file problem6-1.s
Comment: value2 used once
11 symbols
343 symbols in table
