


ARM Macro Assembler    Page 1 


    1 00000000                 AREA             ARMex, CODE, READONLY
    2 00000000                 ENTRY
    3 00000000         start
    4 00000000 E3A00008        MOV              r0, #8      ;store integer 8 to
                                                             register r0
    5 00000004 E3A0100A        MOV              r1, #10     ;store integer 10 t
                                                            o register r1
    6 00000008 E3A0200C        MOV              r2, #12     ;store integer 12 t
                                                            o register r2
    7 0000000C         
    8 0000000C E59F3044        LDR              r3, TEMPADDR ;load meomry addre
                                                            ss into r3
    9 00000010 E5C30000        STRB             r0, [r3]    ;store 8 into 0x400
                                                            00
   10 00000014 E5C31001        STRB             r1, [r3, #1] ;store 10 into 0x4
                                                            0001
   11 00000018 E5C32002        STRB             r2, [r3, #2] ;store 12 into 0x4
                                                            0002
   12 0000001C         
   13 0000001C E5D34000        LDRB             r4, [r3]    ;store 1byte from 0
                                                            x4000 into r4
   14 00000020 E354000A        CMP              r4, #10     ;compare r4-10
   15 00000024 C3A05001        MOVGT            r5, #1      ;if r4>10, move 1 i
                                                            nto r5 
   16 00000028 B3A05002        MOVLT            r5, #2      ;if r4<10, move 2 i
                                                            nto r5 
   17 0000002C 03A05003        MOVEQ            r5, #3      ;if r4==10, move 3 
                                                            into r5 
   18 00000030         
   19 00000030 E5D34001        LDRB             r4, [r3, #1] ;store 1byte form 
                                                            0x4000 into r4
   20 00000034 E354000A        CMP              r4, #10     ;compare r4-10
   21 00000038 C3A05001        MOVGT            r5, #1      ;if r4>10, move 1 i
                                                            nto r5 
   22 0000003C B3A05002        MOVLT            r5, #2      ;if r4<10, move 2 i
                                                            nto r5 
   23 00000040 03A05003        MOVEQ            r5, #3      ;if r4==10, move 3 
                                                            into r5 
   24 00000044         
   25 00000044 E5D34002        LDRB             r4, [r3, #2] ;store 1byte form 
                                                            0x4000 into r4
   26 00000048 E354000A        CMP              r4, #10     ;compare r4-10
   27 0000004C C3A05001        MOVGT            r5, #1      ;if r4>10, move 1 i
                                                            nto r5 
   28 00000050 B3A05002        MOVLT            r5, #2      ;if r4<10, move 2 i
                                                            nto r5 
   29 00000054 03A05003        MOVEQ            r5, #3      ;if r4==10, move 3 
                                                            into r5 
   30 00000058         
   31 00000058 00040000 
                       TEMPADDR
                               &                &40000      ;memory address
   32 0000005C E1A0F00E        MOV              pc, lr      ;go to first instru
                                                            ction
   33 00000060                 END                          ;Mark end of file
Command Line: --debug --xref --diag_suppress=9931 --cpu=ARM9E --apcs=interwork 
--depend=.\objects\problem1.d -o.\objects\problem1.o -IC:\Keil_v5\ARM\RV31\INC 
-IC:\Keil_v5\ARM\CMSIS\Include --predefine="__EVAL SETA 1" --predefine="__UVISI
ON_VERSION SETA 529" --list=.\listings\problem1.lst problem1.s



ARM Macro Assembler    Page 1 Alphabetic symbol ordering
Relocatable symbols

ARMex 00000000

Symbol: ARMex
   Definitions
      At line 1 in file problem1.s
   Uses
      None
Comment: ARMex unused
TEMPADDR 00000058

Symbol: TEMPADDR
   Definitions
      At line 31 in file problem1.s
   Uses
      At line 8 in file problem1.s
Comment: TEMPADDR used once
start 00000000

Symbol: start
   Definitions
      At line 3 in file problem1.s
   Uses
      None
Comment: start unused
3 symbols
335 symbols in table
