


ARM Macro Assembler    Page 1 


    1 00000000                 AREA             ARMex, CODE, READONLY
    2 00000000                 ENTRY
    3 00000000         Start
    4 00000000 E59FD088        LDR              sp, Address1 ;set start Address
                                                            
    5 00000004         ;index
    6 00000004 E3A0000A        MOV              r0,#10      ;store 10 to r0
    7 00000008 E3A0100B        MOV              r1,#11      ;store 11 to r1
    8 0000000C E3A0200C        MOV              r2,#12      ;store 12 to r2
    9 00000010 E3A0300D        MOV              r3,#13      ;store 13 to r3
   10 00000014 E3A0400E        MOV              r4,#14      ;store 14 to r4
   11 00000018 E3A0500F        MOV              r5,#15      ;store 15 to r5
   12 0000001C E3A06010        MOV              r6,#16      ;store 16 to r6
   13 00000020 E3A07011        MOV              r7,#17      ;store 17 to r7
   14 00000024 E3A080A0        MOV              r8,#160     ;set register value
                                                            s
   15 00000028 E98D00FF        STMFA            sp, {r0-r7}
   16 0000002C         
   17 0000002C         doregister
   18 0000002C E2800000        ADD              r0, r0, #0  ;r0 = r0 + 0
   19 00000030 E2811001        ADD              r1, r1, #1  ;r1 = r1 + 1
   20 00000034 E2822002        ADD              r2, r2, #2  ;r2 = r2 + 2
   21 00000038 E2833003        ADD              r3, r3, #3  ;r3 = r3 + 3
   22 0000003C E2844004        ADD              r4, r4, #4  ;r4 = r4 + 4
   23 00000040 E2855005        ADD              r5, r5, #5  ;r5 = r5 + 5
   24 00000044 E2866006        ADD              r6, r6, #6  ;r6 = r6 + 6
   25 00000048 E2877007        ADD              r7, r7, #7  ;r7 = r7 + 7
   26 0000004C         
   27 0000004C E0899000        ADD              r9, r9, r0  ;r9 = r9 + r0
   28 00000050 E0899001        ADD              r9, r9, r1  ;r9 = r9 + r1
   29 00000054 E0899002        ADD              r9, r9, r2  ;r9 = r9 + r2
   30 00000058 E0899003        ADD              r9, r9, r3  ;r9 = r9 + r3
   31 0000005C E0899004        ADD              r9, r9, r4  ;r9 = r9 + r4
   32 00000060 E0899005        ADD              r9, r9, r5  ;r9 = r9 + r5
   33 00000064 E0899006        ADD              r9, r9, r6  ;r9 = r9 + r6
   34 00000068 E0899007        ADD              r9, r9, r7  ;r9 = r9 + r7
   35 0000006C E99D00FF        LDMED            sp, {r0-r7} ;return
   36 00000070         
   37 00000070         doGCD
   38 00000070 E1590008        CMP              r9, r8      ;r9-r8
   39 00000074 B0488009        SUBLT            r8, r8, r9  ;r8 = r8 - r9
   40 00000078 C0499008        SUBGT            r9, r9, r8  ;r9 = r9 - r8
   41 0000007C 1AFFFFFB        BNE              doGCD       ;r9!=r8 go to DoGCD
                                                            
   42 00000080 0AFFFFFF        BEQ              Done        ;r9=r8 go to Done
   43 00000084         
   44 00000084         Done
   45 00000084 E0899004        ADD              r9, r9, r4
   46 00000088 E58D9000        STR              r9, [sp]
   47 0000008C         
   48 0000008C E3A0F000        MOV              pc, #0      ;end
   49 00000090         
   50 00000090 00040000 
                       Address1
                               &                &40000      ;stack start addres
                                                            s
   51 00000094                 END
Command Line: --debug --xref --diag_suppress=9931 --cpu=ARM9E --apcs=interwork 
--depend=.\objects\problem5-3.d -o.\objects\problem5-3.o -IC:\Keil_v5\ARM\RV31\



ARM Macro Assembler    Page 2 


INC -IC:\Keil_v5\ARM\CMSIS\Include --predefine="__EVAL SETA 1" --predefine="__U
VISION_VERSION SETA 529" --list=.\listings\problem5-3.lst problem5-3.s



ARM Macro Assembler    Page 1 Alphabetic symbol ordering
Relocatable symbols

ARMex 00000000

Symbol: ARMex
   Definitions
      At line 1 in file problem5-3.s
   Uses
      None
Comment: ARMex unused
Address1 00000090

Symbol: Address1
   Definitions
      At line 50 in file problem5-3.s
   Uses
      At line 4 in file problem5-3.s
Comment: Address1 used once
Done 00000084

Symbol: Done
   Definitions
      At line 44 in file problem5-3.s
   Uses
      At line 42 in file problem5-3.s
Comment: Done used once
Start 00000000

Symbol: Start
   Definitions
      At line 3 in file problem5-3.s
   Uses
      None
Comment: Start unused
doGCD 00000070

Symbol: doGCD
   Definitions
      At line 37 in file problem5-3.s
   Uses
      At line 41 in file problem5-3.s
Comment: doGCD used once
doregister 0000002C

Symbol: doregister
   Definitions
      At line 17 in file problem5-3.s
   Uses
      None
Comment: doregister unused
6 symbols
338 symbols in table
