Analysis & Synthesis report for Register_file
Mon Oct 31 15:19:58 2022
Quartus Prime Version 18.1.0 Build 625 09/12/2018 SJ Lite Edition


---------------------
; Table of Contents ;
---------------------
  1. Legal Notice
  2. Analysis & Synthesis Summary
  3. Analysis & Synthesis Settings
  4. Parallel Compilation
  5. Analysis & Synthesis Source Files Read
  6. Analysis & Synthesis Resource Usage Summary
  7. Analysis & Synthesis Resource Utilization by Entity
  8. General Register Statistics
  9. Multiplexer Restructuring Statistics (Restructuring Performed)
 10. Post-Synthesis Netlist Statistics for Top Partition
 11. Elapsed Time Per Partition
 12. Analysis & Synthesis Messages
 13. Analysis & Synthesis Suppressed Messages



----------------
; Legal Notice ;
----------------
Copyright (C) 2018  Intel Corporation. All rights reserved.
Your use of Intel Corporation's design tools, logic functions 
and other software and tools, and its AMPP partner logic 
functions, and any output files from any of the foregoing 
(including device programming or simulation files), and any 
associated documentation or information are expressly subject 
to the terms and conditions of the Intel Program License 
Subscription Agreement, the Intel Quartus Prime License Agreement,
the Intel FPGA IP License Agreement, or other applicable license
agreement, including, without limitation, that your use is for
the sole purpose of programming logic devices manufactured by
Intel and sold by Intel or its authorized distributors.  Please
refer to the applicable agreement for further details.



+-------------------------------------------------------------------------------+
; Analysis & Synthesis Summary                                                  ;
+---------------------------------+---------------------------------------------+
; Analysis & Synthesis Status     ; Successful - Mon Oct 31 15:19:58 2022       ;
; Quartus Prime Version           ; 18.1.0 Build 625 09/12/2018 SJ Lite Edition ;
; Revision Name                   ; Register_file                               ;
; Top-level Entity Name           ; Register_file                               ;
; Family                          ; Cyclone V                                   ;
; Logic utilization (in ALMs)     ; N/A                                         ;
; Total registers                 ; 256                                         ;
; Total pins                      ; 73                                          ;
; Total virtual pins              ; 0                                           ;
; Total block memory bits         ; 0                                           ;
; Total DSP Blocks                ; 0                                           ;
; Total HSSI RX PCSs              ; 0                                           ;
; Total HSSI PMA RX Deserializers ; 0                                           ;
; Total HSSI TX PCSs              ; 0                                           ;
; Total HSSI PMA TX Serializers   ; 0                                           ;
; Total PLLs                      ; 0                                           ;
; Total DLLs                      ; 0                                           ;
+---------------------------------+---------------------------------------------+


+---------------------------------------------------------------------------------------------------------------------------+
; Analysis & Synthesis Settings                                                                                             ;
+---------------------------------------------------------------------------------+--------------------+--------------------+
; Option                                                                          ; Setting            ; Default Value      ;
+---------------------------------------------------------------------------------+--------------------+--------------------+
; Device                                                                          ; 5CSXFC6D6F31C6     ;                    ;
; Top-level entity name                                                           ; Register_file      ; Register_file      ;
; Family name                                                                     ; Cyclone V          ; Cyclone V          ;
; Use smart compilation                                                           ; Off                ; Off                ;
; Enable parallel Assembler and Timing Analyzer during compilation                ; On                 ; On                 ;
; Enable compact report table                                                     ; Off                ; Off                ;
; Restructure Multiplexers                                                        ; Auto               ; Auto               ;
; MLAB Add Timing Constraints For Mixed-Port Feed-Through Mode Setting Don't Care ; Off                ; Off                ;
; Create Debugging Nodes for IP Cores                                             ; Off                ; Off                ;
; Preserve fewer node names                                                       ; On                 ; On                 ;
; Intel FPGA IP Evaluation Mode                                                   ; Enable             ; Enable             ;
; Verilog Version                                                                 ; Verilog_2001       ; Verilog_2001       ;
; VHDL Version                                                                    ; VHDL_1993          ; VHDL_1993          ;
; State Machine Processing                                                        ; Auto               ; Auto               ;
; Safe State Machine                                                              ; Off                ; Off                ;
; Extract Verilog State Machines                                                  ; On                 ; On                 ;
; Extract VHDL State Machines                                                     ; On                 ; On                 ;
; Ignore Verilog initial constructs                                               ; Off                ; Off                ;
; Iteration limit for constant Verilog loops                                      ; 5000               ; 5000               ;
; Iteration limit for non-constant Verilog loops                                  ; 250                ; 250                ;
; Add Pass-Through Logic to Inferred RAMs                                         ; On                 ; On                 ;
; Infer RAMs from Raw Logic                                                       ; On                 ; On                 ;
; Parallel Synthesis                                                              ; On                 ; On                 ;
; DSP Block Balancing                                                             ; Auto               ; Auto               ;
; NOT Gate Push-Back                                                              ; On                 ; On                 ;
; Power-Up Don't Care                                                             ; On                 ; On                 ;
; Remove Redundant Logic Cells                                                    ; Off                ; Off                ;
; Remove Duplicate Registers                                                      ; On                 ; On                 ;
; Ignore CARRY Buffers                                                            ; Off                ; Off                ;
; Ignore CASCADE Buffers                                                          ; Off                ; Off                ;
; Ignore GLOBAL Buffers                                                           ; Off                ; Off                ;
; Ignore ROW GLOBAL Buffers                                                       ; Off                ; Off                ;
; Ignore LCELL Buffers                                                            ; Off                ; Off                ;
; Ignore SOFT Buffers                                                             ; On                 ; On                 ;
; Limit AHDL Integers to 32 Bits                                                  ; Off                ; Off                ;
; Optimization Technique                                                          ; Balanced           ; Balanced           ;
; Carry Chain Length                                                              ; 70                 ; 70                 ;
; Auto Carry Chains                                                               ; On                 ; On                 ;
; Auto Open-Drain Pins                                                            ; On                 ; On                 ;
; Perform WYSIWYG Primitive Resynthesis                                           ; Off                ; Off                ;
; Auto ROM Replacement                                                            ; On                 ; On                 ;
; Auto RAM Replacement                                                            ; On                 ; On                 ;
; Auto DSP Block Replacement                                                      ; On                 ; On                 ;
; Auto Shift Register Replacement                                                 ; Auto               ; Auto               ;
; Allow Shift Register Merging across Hierarchies                                 ; Auto               ; Auto               ;
; Auto Clock Enable Replacement                                                   ; On                 ; On                 ;
; Strict RAM Replacement                                                          ; Off                ; Off                ;
; Allow Synchronous Control Signals                                               ; On                 ; On                 ;
; Force Use of Synchronous Clear Signals                                          ; Off                ; Off                ;
; Auto Resource Sharing                                                           ; Off                ; Off                ;
; Allow Any RAM Size For Recognition                                              ; Off                ; Off                ;
; Allow Any ROM Size For Recognition                                              ; Off                ; Off                ;
; Allow Any Shift Register Size For Recognition                                   ; Off                ; Off                ;
; Use LogicLock Constraints during Resource Balancing                             ; On                 ; On                 ;
; Ignore translate_off and synthesis_off directives                               ; Off                ; Off                ;
; Timing-Driven Synthesis                                                         ; On                 ; On                 ;
; Report Parameter Settings                                                       ; On                 ; On                 ;
; Report Source Assignments                                                       ; On                 ; On                 ;
; Report Connectivity Checks                                                      ; On                 ; On                 ;
; Ignore Maximum Fan-Out Assignments                                              ; Off                ; Off                ;
; Synchronization Register Chain Length                                           ; 3                  ; 3                  ;
; Power Optimization During Synthesis                                             ; Normal compilation ; Normal compilation ;
; HDL message level                                                               ; Level2             ; Level2             ;
; Suppress Register Optimization Related Messages                                 ; Off                ; Off                ;
; Number of Removed Registers Reported in Synthesis Report                        ; 5000               ; 5000               ;
; Number of Swept Nodes Reported in Synthesis Report                              ; 5000               ; 5000               ;
; Number of Inverted Registers Reported in Synthesis Report                       ; 100                ; 100                ;
; Clock MUX Protection                                                            ; On                 ; On                 ;
; Auto Gated Clock Conversion                                                     ; Off                ; Off                ;
; Block Design Naming                                                             ; Auto               ; Auto               ;
; SDC constraint protection                                                       ; Off                ; Off                ;
; Synthesis Effort                                                                ; Auto               ; Auto               ;
; Shift Register Replacement - Allow Asynchronous Clear Signal                    ; On                 ; On                 ;
; Pre-Mapping Resynthesis Optimization                                            ; Off                ; Off                ;
; Analysis & Synthesis Message Level                                              ; Medium             ; Medium             ;
; Disable Register Merging Across Hierarchies                                     ; Auto               ; Auto               ;
; Resource Aware Inference For Block RAM                                          ; On                 ; On                 ;
; Automatic Parallel Synthesis                                                    ; On                 ; On                 ;
; Partial Reconfiguration Bitstream ID                                            ; Off                ; Off                ;
+---------------------------------------------------------------------------------+--------------------+--------------------+


+------------------------------------------+
; Parallel Compilation                     ;
+----------------------------+-------------+
; Processors                 ; Number      ;
+----------------------------+-------------+
; Number detected on machine ; 16          ;
; Maximum allowed            ; 12          ;
;                            ;             ;
; Average used               ; 1.00        ;
; Maximum used               ; 1           ;
;                            ;             ;
; Usage by Processor         ; % Time Used ;
;     Processor 1            ; 100.0%      ;
+----------------------------+-------------+


+------------------------------------------------------------------------------------------------------------------------------------------------------------------------+
; Analysis & Synthesis Source Files Read                                                                                                                                 ;
+----------------------------------+-----------------+------------------------+--------------------------------------------------------------------------------+---------+
; File Name with User-Entered Path ; Used in Netlist ; File Type              ; File Name with Absolute Path                                                   ; Library ;
+----------------------------------+-----------------+------------------------+--------------------------------------------------------------------------------+---------+
; gates.v                          ; yes             ; User Verilog HDL File  ; C:/intelFPGA_lite/18.1/assignment/2_2021202058_Assignment_08/gates.v           ;         ;
; Register_file.v                  ; yes             ; User Verilog HDL File  ; C:/intelFPGA_lite/18.1/assignment/2_2021202058_Assignment_08/Register_file.v   ;         ;
; register32_r_en.v                ; yes             ; User Verilog HDL File  ; C:/intelFPGA_lite/18.1/assignment/2_2021202058_Assignment_08/register32_r_en.v ;         ;
; register32_8.v                   ; yes             ; User Verilog HDL File  ; C:/intelFPGA_lite/18.1/assignment/2_2021202058_Assignment_08/register32_8.v    ;         ;
; _3_to_8_decoder.v                ; yes             ; User Verilog HDL File  ; C:/intelFPGA_lite/18.1/assignment/2_2021202058_Assignment_08/_3_to_8_decoder.v ;         ;
; write_operation.v                ; yes             ; User Verilog HDL File  ; C:/intelFPGA_lite/18.1/assignment/2_2021202058_Assignment_08/write_operation.v ;         ;
; _8_to_1_MUX.v                    ; yes             ; User Verilog HDL File  ; C:/intelFPGA_lite/18.1/assignment/2_2021202058_Assignment_08/_8_to_1_MUX.v     ;         ;
; read_operation.v                 ; yes             ; User Verilog HDL File  ; C:/intelFPGA_lite/18.1/assignment/2_2021202058_Assignment_08/read_operation.v  ;         ;
+----------------------------------+-----------------+------------------------+--------------------------------------------------------------------------------+---------+


+---------------------------------------------------------+
; Analysis & Synthesis Resource Usage Summary             ;
+---------------------------------------------+-----------+
; Resource                                    ; Usage     ;
+---------------------------------------------+-----------+
; Estimate of Logic utilization (ALMs needed) ; 167       ;
;                                             ;           ;
; Combinational ALUT usage for logic          ; 104       ;
;     -- 7 input functions                    ; 0         ;
;     -- 6 input functions                    ; 64        ;
;     -- 5 input functions                    ; 0         ;
;     -- 4 input functions                    ; 8         ;
;     -- <=3 input functions                  ; 32        ;
;                                             ;           ;
; Dedicated logic registers                   ; 256       ;
;                                             ;           ;
; I/O pins                                    ; 73        ;
;                                             ;           ;
; Total DSP Blocks                            ; 0         ;
;                                             ;           ;
; Maximum fan-out node                        ; clk~input ;
; Maximum fan-out                             ; 256       ;
; Total fan-out                               ; 1641      ;
; Average fan-out                             ; 3.24      ;
+---------------------------------------------+-----------+


+----------------------------------------------------------------------------------------------------------------------------------------------------------------------------------------------------------------------------------------------------------------------------+
; Analysis & Synthesis Resource Utilization by Entity                                                                                                                                                                                                                        ;
+--------------------------------------------+---------------------+---------------------------+-------------------+------------+------+--------------+-------------------------------------------------------------------------------------+-----------------+--------------+
; Compilation Hierarchy Node                 ; Combinational ALUTs ; Dedicated Logic Registers ; Block Memory Bits ; DSP Blocks ; Pins ; Virtual Pins ; Full Hierarchy Name                                                                 ; Entity Name     ; Library Name ;
+--------------------------------------------+---------------------+---------------------------+-------------------+------------+------+--------------+-------------------------------------------------------------------------------------+-----------------+--------------+
; |Register_file                             ; 104 (0)             ; 256 (0)                   ; 0                 ; 0          ; 73   ; 0            ; |Register_file                                                                      ; Register_file   ; work         ;
;    |read_operation:U2_read_operation|      ; 96 (0)              ; 0 (0)                     ; 0                 ; 0          ; 0    ; 0            ; |Register_file|read_operation:U2_read_operation                                     ; read_operation  ; work         ;
;       |_8_to_1_MUX:U0_8_to_1_MUX|          ; 96 (96)             ; 0 (0)                     ; 0                 ; 0          ; 0    ; 0            ; |Register_file|read_operation:U2_read_operation|_8_to_1_MUX:U0_8_to_1_MUX           ; _8_to_1_MUX     ; work         ;
;    |register32_8:U1_register32_8|          ; 0 (0)               ; 256 (0)                   ; 0                 ; 0          ; 0    ; 0            ; |Register_file|register32_8:U1_register32_8                                         ; register32_8    ; work         ;
;       |register32_r_en:U0_register32_r_en| ; 0 (0)               ; 32 (32)                   ; 0                 ; 0          ; 0    ; 0            ; |Register_file|register32_8:U1_register32_8|register32_r_en:U0_register32_r_en      ; register32_r_en ; work         ;
;       |register32_r_en:U1_register32_r_en| ; 0 (0)               ; 32 (32)                   ; 0                 ; 0          ; 0    ; 0            ; |Register_file|register32_8:U1_register32_8|register32_r_en:U1_register32_r_en      ; register32_r_en ; work         ;
;       |register32_r_en:U2_register32_r_en| ; 0 (0)               ; 32 (32)                   ; 0                 ; 0          ; 0    ; 0            ; |Register_file|register32_8:U1_register32_8|register32_r_en:U2_register32_r_en      ; register32_r_en ; work         ;
;       |register32_r_en:U3_register32_r_en| ; 0 (0)               ; 32 (32)                   ; 0                 ; 0          ; 0    ; 0            ; |Register_file|register32_8:U1_register32_8|register32_r_en:U3_register32_r_en      ; register32_r_en ; work         ;
;       |register32_r_en:U4_register32_r_en| ; 0 (0)               ; 32 (32)                   ; 0                 ; 0          ; 0    ; 0            ; |Register_file|register32_8:U1_register32_8|register32_r_en:U4_register32_r_en      ; register32_r_en ; work         ;
;       |register32_r_en:U5_register32_r_en| ; 0 (0)               ; 32 (32)                   ; 0                 ; 0          ; 0    ; 0            ; |Register_file|register32_8:U1_register32_8|register32_r_en:U5_register32_r_en      ; register32_r_en ; work         ;
;       |register32_r_en:U6_register32_r_en| ; 0 (0)               ; 32 (32)                   ; 0                 ; 0          ; 0    ; 0            ; |Register_file|register32_8:U1_register32_8|register32_r_en:U6_register32_r_en      ; register32_r_en ; work         ;
;       |register32_r_en:U7_register32_r_en| ; 0 (0)               ; 32 (32)                   ; 0                 ; 0          ; 0    ; 0            ; |Register_file|register32_8:U1_register32_8|register32_r_en:U7_register32_r_en      ; register32_r_en ; work         ;
;    |write_operation:U0_write_operation|    ; 8 (0)               ; 0 (0)                     ; 0                 ; 0          ; 0    ; 0            ; |Register_file|write_operation:U0_write_operation                                   ; write_operation ; work         ;
;       |_3_to_8_decoder:U0_3_to_8_decoder|  ; 8 (8)               ; 0 (0)                     ; 0                 ; 0          ; 0    ; 0            ; |Register_file|write_operation:U0_write_operation|_3_to_8_decoder:U0_3_to_8_decoder ; _3_to_8_decoder ; work         ;
+--------------------------------------------+---------------------+---------------------------+-------------------+------------+------+--------------+-------------------------------------------------------------------------------------+-----------------+--------------+
Note: For table entries with two numbers listed, the numbers in parentheses indicate the number of resources of the given type used by the specific entity alone. The numbers listed outside of parentheses indicate the total resources of the given type used by the specific entity and all of its sub-entities in the hierarchy.


+------------------------------------------------------+
; General Register Statistics                          ;
+----------------------------------------------+-------+
; Statistic                                    ; Value ;
+----------------------------------------------+-------+
; Total registers                              ; 256   ;
; Number of registers using Synchronous Clear  ; 0     ;
; Number of registers using Synchronous Load   ; 0     ;
; Number of registers using Asynchronous Clear ; 256   ;
; Number of registers using Asynchronous Load  ; 0     ;
; Number of registers using Clock Enable       ; 256   ;
; Number of registers using Preset             ; 0     ;
+----------------------------------------------+-------+


+-----------------------------------------------------------------------------------------------------------------------------------------------------------------------------------------------+
; Multiplexer Restructuring Statistics (Restructuring Performed)                                                                                                                                ;
+--------------------+-----------+---------------+----------------------+------------------------+------------+---------------------------------------------------------------------------------+
; Multiplexer Inputs ; Bus Width ; Baseline Area ; Area if Restructured ; Saving if Restructured ; Registered ; Example Multiplexer Output                                                      ;
+--------------------+-----------+---------------+----------------------+------------------------+------------+---------------------------------------------------------------------------------+
; 8:1                ; 32 bits   ; 160 LEs       ; 160 LEs              ; 0 LEs                  ; No         ; |Register_file|read_operation:U2_read_operation|_8_to_1_MUX:U0_8_to_1_MUX|Mux31 ;
+--------------------+-----------+---------------+----------------------+------------------------+------------+---------------------------------------------------------------------------------+


+-----------------------------------------------------+
; Post-Synthesis Netlist Statistics for Top Partition ;
+-----------------------+-----------------------------+
; Type                  ; Count                       ;
+-----------------------+-----------------------------+
; arriav_ff             ; 256                         ;
;     ENA CLR           ; 256                         ;
; arriav_lcell_comb     ; 104                         ;
;     normal            ; 104                         ;
;         3 data inputs ; 32                          ;
;         4 data inputs ; 8                           ;
;         6 data inputs ; 64                          ;
; boundary_port         ; 73                          ;
;                       ;                             ;
; Max LUT depth         ; 2.00                        ;
; Average LUT depth     ; 1.80                        ;
+-----------------------+-----------------------------+


+-------------------------------+
; Elapsed Time Per Partition    ;
+----------------+--------------+
; Partition Name ; Elapsed Time ;
+----------------+--------------+
; Top            ; 00:00:00     ;
+----------------+--------------+


+-------------------------------+
; Analysis & Synthesis Messages ;
+-------------------------------+
Info: *******************************************************************
Info: Running Quartus Prime Analysis & Synthesis
    Info: Version 18.1.0 Build 625 09/12/2018 SJ Lite Edition
    Info: Processing started: Mon Oct 31 15:19:49 2022
Info: Command: quartus_map --read_settings_files=on --write_settings_files=off Register_file -c Register_file
Warning (18236): Number of processors has not been specified which may cause overloading on shared machines.  Set the global assignment NUM_PARALLEL_PROCESSORS in your QSF to an appropriate value for best performance.
Info (20030): Parallel compilation is enabled and will use 12 of the 12 processors detected
Info (12021): Found 16 design units, including 16 entities, in source file gates.v
    Info (12023): Found entity 1: _inv File: C:/intelFPGA_lite/18.1/assignment/2_2021202058_Assignment_08/gates.v Line: 1
    Info (12023): Found entity 2: _nand2 File: C:/intelFPGA_lite/18.1/assignment/2_2021202058_Assignment_08/gates.v Line: 7
    Info (12023): Found entity 3: _and2 File: C:/intelFPGA_lite/18.1/assignment/2_2021202058_Assignment_08/gates.v Line: 13
    Info (12023): Found entity 4: _or2 File: C:/intelFPGA_lite/18.1/assignment/2_2021202058_Assignment_08/gates.v Line: 19
    Info (12023): Found entity 5: _xor2 File: C:/intelFPGA_lite/18.1/assignment/2_2021202058_Assignment_08/gates.v Line: 25
    Info (12023): Found entity 6: _and3 File: C:/intelFPGA_lite/18.1/assignment/2_2021202058_Assignment_08/gates.v Line: 38
    Info (12023): Found entity 7: _and4 File: C:/intelFPGA_lite/18.1/assignment/2_2021202058_Assignment_08/gates.v Line: 44
    Info (12023): Found entity 8: _and5 File: C:/intelFPGA_lite/18.1/assignment/2_2021202058_Assignment_08/gates.v Line: 50
    Info (12023): Found entity 9: _or3 File: C:/intelFPGA_lite/18.1/assignment/2_2021202058_Assignment_08/gates.v Line: 56
    Info (12023): Found entity 10: _or4 File: C:/intelFPGA_lite/18.1/assignment/2_2021202058_Assignment_08/gates.v Line: 62
    Info (12023): Found entity 11: _or5 File: C:/intelFPGA_lite/18.1/assignment/2_2021202058_Assignment_08/gates.v Line: 68
    Info (12023): Found entity 12: _inv_4bits File: C:/intelFPGA_lite/18.1/assignment/2_2021202058_Assignment_08/gates.v Line: 74
    Info (12023): Found entity 13: _and2_4bits File: C:/intelFPGA_lite/18.1/assignment/2_2021202058_Assignment_08/gates.v Line: 80
    Info (12023): Found entity 14: _or2_4bits File: C:/intelFPGA_lite/18.1/assignment/2_2021202058_Assignment_08/gates.v Line: 86
    Info (12023): Found entity 15: _xor2_4bits File: C:/intelFPGA_lite/18.1/assignment/2_2021202058_Assignment_08/gates.v Line: 92
    Info (12023): Found entity 16: _xnor2_4bits File: C:/intelFPGA_lite/18.1/assignment/2_2021202058_Assignment_08/gates.v Line: 101
Info (12021): Found 1 design units, including 1 entities, in source file register_file.v
    Info (12023): Found entity 1: Register_file File: C:/intelFPGA_lite/18.1/assignment/2_2021202058_Assignment_08/Register_file.v Line: 1
Info (12021): Found 1 design units, including 1 entities, in source file _dff_r_en.v
    Info (12023): Found entity 1: _dff_r_en File: C:/intelFPGA_lite/18.1/assignment/2_2021202058_Assignment_08/_dff_r_en.v Line: 1
Info (12021): Found 1 design units, including 1 entities, in source file register32_r_en.v
    Info (12023): Found entity 1: register32_r_en File: C:/intelFPGA_lite/18.1/assignment/2_2021202058_Assignment_08/register32_r_en.v Line: 1
Info (12021): Found 1 design units, including 1 entities, in source file register32_8.v
    Info (12023): Found entity 1: register32_8 File: C:/intelFPGA_lite/18.1/assignment/2_2021202058_Assignment_08/register32_8.v Line: 1
Info (12021): Found 1 design units, including 1 entities, in source file _3_to_8_decoder.v
    Info (12023): Found entity 1: _3_to_8_decoder File: C:/intelFPGA_lite/18.1/assignment/2_2021202058_Assignment_08/_3_to_8_decoder.v Line: 1
Info (12021): Found 1 design units, including 1 entities, in source file write_operation.v
    Info (12023): Found entity 1: write_operation File: C:/intelFPGA_lite/18.1/assignment/2_2021202058_Assignment_08/write_operation.v Line: 1
Info (12021): Found 1 design units, including 1 entities, in source file _8_to_1_mux.v
    Info (12023): Found entity 1: _8_to_1_MUX File: C:/intelFPGA_lite/18.1/assignment/2_2021202058_Assignment_08/_8_to_1_MUX.v Line: 1
Info (12021): Found 1 design units, including 1 entities, in source file read_operation.v
    Info (12023): Found entity 1: read_operation File: C:/intelFPGA_lite/18.1/assignment/2_2021202058_Assignment_08/read_operation.v Line: 1
Info (12021): Found 1 design units, including 1 entities, in source file tb_register_file.v
    Info (12023): Found entity 1: tb_Register_file File: C:/intelFPGA_lite/18.1/assignment/2_2021202058_Assignment_08/tb_Register_file.v Line: 3
Info (12021): Found 1 design units, including 1 entities, in source file tb_read_operation.v
    Info (12023): Found entity 1: tb_read_operation File: C:/intelFPGA_lite/18.1/assignment/2_2021202058_Assignment_08/tb_read_operation.v Line: 2
Warning (10236): Verilog HDL Implicit Net warning at gates.v(32): created implicit net for "inv_b" File: C:/intelFPGA_lite/18.1/assignment/2_2021202058_Assignment_08/gates.v Line: 32
Info (12127): Elaborating entity "Register_file" for the top level hierarchy
Info (12128): Elaborating entity "write_operation" for hierarchy "write_operation:U0_write_operation" File: C:/intelFPGA_lite/18.1/assignment/2_2021202058_Assignment_08/Register_file.v Line: 11
Info (12128): Elaborating entity "_3_to_8_decoder" for hierarchy "write_operation:U0_write_operation|_3_to_8_decoder:U0_3_to_8_decoder" File: C:/intelFPGA_lite/18.1/assignment/2_2021202058_Assignment_08/write_operation.v Line: 9
Info (12128): Elaborating entity "_and2" for hierarchy "write_operation:U0_write_operation|_and2:U1_and" File: C:/intelFPGA_lite/18.1/assignment/2_2021202058_Assignment_08/write_operation.v Line: 10
Info (12128): Elaborating entity "register32_8" for hierarchy "register32_8:U1_register32_8" File: C:/intelFPGA_lite/18.1/assignment/2_2021202058_Assignment_08/Register_file.v Line: 12
Info (12128): Elaborating entity "register32_r_en" for hierarchy "register32_8:U1_register32_8|register32_r_en:U0_register32_r_en" File: C:/intelFPGA_lite/18.1/assignment/2_2021202058_Assignment_08/register32_8.v Line: 8
Info (12128): Elaborating entity "read_operation" for hierarchy "read_operation:U2_read_operation" File: C:/intelFPGA_lite/18.1/assignment/2_2021202058_Assignment_08/Register_file.v Line: 13
Info (12128): Elaborating entity "_8_to_1_MUX" for hierarchy "read_operation:U2_read_operation|_8_to_1_MUX:U0_8_to_1_MUX" File: C:/intelFPGA_lite/18.1/assignment/2_2021202058_Assignment_08/read_operation.v Line: 7
Info (286030): Timing-Driven Synthesis is running
Info (144001): Generated suppressed messages file C:/intelFPGA_lite/18.1/assignment/2_2021202058_Assignment_08/output_files/Register_file.map.smsg
Info (16010): Generating hard_block partition "hard_block:auto_generated_inst"
    Info (16011): Adding 0 node(s), including 0 DDIO, 0 PLL, 0 transceiver and 0 LCELL
Info (21057): Implemented 433 device resources after synthesis - the final resource count might be different
    Info (21058): Implemented 41 input pins
    Info (21059): Implemented 32 output pins
    Info (21061): Implemented 360 logic cells
Info: Quartus Prime Analysis & Synthesis was successful. 0 errors, 2 warnings
    Info: Peak virtual memory: 4841 megabytes
    Info: Processing ended: Mon Oct 31 15:19:58 2022
    Info: Elapsed time: 00:00:09
    Info: Total CPU time (on all processors): 00:00:03


+------------------------------------------+
; Analysis & Synthesis Suppressed Messages ;
+------------------------------------------+
The suppressed messages can be found in C:/intelFPGA_lite/18.1/assignment/2_2021202058_Assignment_08/output_files/Register_file.map.smsg.


