


ARM Macro Assembler    Page 1 


    1 00000000                 AREA             ARMex, CODE, READONLY
    2 00000000                 ENTRY
    3 00000000         Start
    4 00000000 E59FD044        LDR              sp, Address1 
                                                            ;set start address 
                                                            
    5 00000004 E3A00000        MOV              r0, #0      ;store 0 to r0
    6 00000008 E3A01001        MOV              r1, #1      ;store 1 to r1
    7 0000000C E3A02002        MOV              r2, #2      ;store 2 to r2
    8 00000010 E3A03003        MOV              r3, #3      ;store 3 to r3
    9 00000014 E3A04004        MOV              r4, #4      ;store 4 to r4
   10 00000018 E3A05005        MOV              r5, #5      ;store 5 to r5
   11 0000001C E3A06006        MOV              r6, #6      ;store 6 to r6
   12 00000020 E3A07007        MOV              r7, #7      ;store 7 to r7
   13 00000024         
   14 00000024 E8AD00FF        STMEA            sp!, {r0-r7} ;store r8
   15 00000028         
   16 00000028 E93D0020        LDMEA            sp!, {r5}   ;load from stack
   17 0000002C E93D0010        LDMEA            sp!, {r4}
   18 00000030 E93D0008        LDMEA            sp!, {r3}
   19 00000034 E93D0080        LDMEA            sp!, {r7}
   20 00000038 E93D0004        LDMEA            sp!, {r2}
   21 0000003C E93D0001        LDMEA            sp!, {r0}
   22 00000040 E93D0040        LDMEA            sp!, {r6}
   23 00000044 E93D0002        LDMEA            sp!, {r1}
   24 00000048         
   25 00000048 E3A0F000        MOV              pc, #0      ;end
   26 0000004C 00040000 
                       Address1
                               &                &40000      ;stack start addres
                                                            s
   27 00000050                 END
Command Line: --debug --xref --diag_suppress=9931 --cpu=ARM9E --apcs=interwork 
--depend=.\objects\problem5-2.d -o.\objects\problem5-2.o -IC:\Keil_v5\ARM\RV31\
INC -IC:\Keil_v5\ARM\CMSIS\Include --predefine="__EVAL SETA 1" --predefine="__U
VISION_VERSION SETA 529" --list=.\listings\problem5-2.lst problem5-2.s



ARM Macro Assembler    Page 1 Alphabetic symbol ordering
Relocatable symbols

ARMex 00000000

Symbol: ARMex
   Definitions
      At line 1 in file problem5-2.s
   Uses
      None
Comment: ARMex unused
Address1 0000004C

Symbol: Address1
   Definitions
      At line 26 in file problem5-2.s
   Uses
      At line 4 in file problem5-2.s
Comment: Address1 used once
Start 00000000

Symbol: Start
   Definitions
      At line 3 in file problem5-2.s
   Uses
      None
Comment: Start unused
3 symbols
335 symbols in table
