


ARM Macro Assembler    Page 1 


    1 00000000                 AREA             ARMex, CODE, READONLY
    2 00000000                 ENTRY
    3 00000000         start
    4 00000000         
    5 00000000 E3A00001        MOV              r0,#1       ;store integer 1 to
                                                             r0
    6 00000004 E3A01002        MOV              r1,#2       ;store integer 2 to
                                                             r1
    7 00000008 E3A02003        MOV              r2,#3       ;store integer 3 to
                                                             r2
    8 0000000C E3A03004        MOV              r3,#4       ;store integer 4 to
                                                             r3
    9 00000010         
   10 00000010 E59F4024        LDR              r4,TEMPADDR ;load memory addres
                                                            s into r4
   11 00000014 E5C40000        STRB             r0,[r4]     ;store 01 into 0x40
                                                            000
   12 00000018 E5C41001        STRB             r1,[r4,#1]  ;store 02 into 0x40
                                                            001
   13 0000001C E5C42002        STRB             r2,[r4,#2]  ;store 03 into 0x40
                                                            002
   14 00000020 E5C43003        STRB             r3,[r4,#3]  ;store 04 into 0x40
                                                            003
   15 00000024 E5945000        LDR              r5,[r4]     ;store 0x04030201 i
                                                            nto r5
   16 00000028         
   17 00000028 E5C40003        STRB             r0,[r4,#3]
   18 0000002C E5C41002        STRB             r1,[r4,#2]
   19 00000030 E5C42001        STRB             r2,[r4,#1]
   20 00000034 E5C43000        STRB             r3,[r4]
   21 00000038 E5946000        LDR              r6,[r4]
   22 0000003C         
   23 0000003C 00040000 
                       TEMPADDR
                               &                &40000      ;memory address
   24 00000040         
   25 00000040 E1A0F00E        MOV              pc,lr       ;go to first instru
                                                            ction
   26 00000044                 END                          ;Mark end of file
Command Line: --debug --xref --diag_suppress=9931 --cpu=ARM9E --apcs=interwork 
--depend=.\objects\problem2.d -o.\objects\problem2.o -IC:\Keil_v5\ARM\RV31\INC 
-IC:\Keil_v5\ARM\CMSIS\Include --predefine="__EVAL SETA 1" --predefine="__UVISI
ON_VERSION SETA 529" --list=.\listings\problem2.lst problem2.s



ARM Macro Assembler    Page 1 Alphabetic symbol ordering
Relocatable symbols

ARMex 00000000

Symbol: ARMex
   Definitions
      At line 1 in file problem2.s
   Uses
      None
Comment: ARMex unused
TEMPADDR 0000003C

Symbol: TEMPADDR
   Definitions
      At line 23 in file problem2.s
   Uses
      At line 10 in file problem2.s
Comment: TEMPADDR used once
start 00000000

Symbol: start
   Definitions
      At line 3 in file problem2.s
   Uses
      None
Comment: start unused
3 symbols
335 symbols in table
