


ARM Macro Assembler    Page 1 


    1 00000000                 AREA             ARMex, CODE, READONLY
    2 00000000                 ENTRY
    3 00000000         start
    4 00000000 E59F0050        ldr              r0, tempaddr
    5 00000004 E3A01001        mov              r1, #1      ;r1 = 1
    6 00000008 E3A0A002        mov              r10, #2     ;r2 = 2
    7 0000000C E0020A91        mul              r2, r1, r10 ;r2 = 1*2
    8 00000010 E28AA001        add              r10, r10, #1
    9 00000014 E0030A92        mul              r3, r2, r10 ;r3 = 1*2*3
   10 00000018 E28AA001        add              r10, r10, #1
   11 0000001C E0040A93        mul              r4, r3, r10 ;r4 = 1*2*3*4
   12 00000020 E28AA001        add              r10, r10, #1
   13 00000024 E0050A94        mul              r5, r4, r10 ;r5 = 1*2*3*4*5
   14 00000028 E28AA001        add              r10, r10, #1
   15 0000002C E0060A95        mul              r6, r5, r10 ;r6 = 1*2*3*4*5*6
   16 00000030 E28AA001        add              r10, r10, #1
   17 00000034 E0070A96        mul              r7, r6, r10 ;r7 = 1*2*3*4*5*6*7
                                                            
   18 00000038 E28AA001        add              r10, r10, #1
   19 0000003C E0080A97        mul              r8, r7, r10 ;r8 = 1*2*3*4*5*6*7
                                                            *8
   20 00000040 E28AA001        add              r10, r10, #1
   21 00000044 E0090A98        mul              r9, r8, r10 ;r9 = 1*2*3*4*5*6*7
                                                            *8*9
   22 00000048 E28AA001        add              r10, r10, #1
   23 0000004C E00B0A99        mul              r11, r9, r10 ; r11 = 1*2*3*4*5*
                                                            6*7*8*9*10
   24 00000050         
   25 00000050 E580B000        str              r11, [r0]
   26 00000054         
   27 00000054 E1A0F00E        mov              pc, lr
   28 00000058 00040000 
                       tempaddr
                               &                &40000
   29 0000005C                 end
Command Line: --debug --xref --diag_suppress=9931 --cpu=ARM9E --apcs=interwork 
--depend=.\objects\problem4-2.d -o.\objects\problem4-2.o -IC:\Keil_v5\ARM\RV31\
INC -IC:\Keil_v5\ARM\CMSIS\Include --predefine="__EVAL SETA 1" --predefine="__U
VISION_VERSION SETA 529" --list=.\listings\problem4-2.lst problem4-2.s



ARM Macro Assembler    Page 1 Alphabetic symbol ordering
Relocatable symbols

ARMex 00000000

Symbol: ARMex
   Definitions
      At line 1 in file problem4-2.s
   Uses
      None
Comment: ARMex unused
start 00000000

Symbol: start
   Definitions
      At line 3 in file problem4-2.s
   Uses
      None
Comment: start unused
tempaddr 00000058

Symbol: tempaddr
   Definitions
      At line 28 in file problem4-2.s
   Uses
      At line 4 in file problem4-2.s
Comment: tempaddr used once
3 symbols
335 symbols in table
